<?xml version="1.0" encoding="UTF-8"?>
<testng-results ignored="0" total="2" passed="2" failed="0" skipped="0">
  <reporter-output>
  </reporter-output>
  <suite started-at="2023-07-22T16:38:26 IST" name="Default suite" finished-at="2023-07-22T16:38:39 IST" duration-ms="13163">
    <groups>
    </groups>
    <test started-at="2023-07-22T16:38:26 IST" name="Default test" finished-at="2023-07-22T16:38:39 IST" duration-ms="13163">
      <class name="TestNG.test2">
        <test-method signature="TestGoogle()[pri:1, instance:TestNG.test2@3e694b3f]" started-at="2023-07-22T16:38:26 IST" name="TestGoogle" finished-at="2023-07-22T16:38:33 IST" duration-ms="6903" status="PASS">
          <reporter-output>
          </reporter-output>
        </test-method> <!-- TestGoogle -->
        <test-method signature="TestFacebook()[pri:2, instance:TestNG.test2@3e694b3f]" started-at="2023-07-22T16:38:33 IST" name="TestFacebook" finished-at="2023-07-22T16:38:39 IST" duration-ms="6207" status="PASS">
          <reporter-output>
          </reporter-output>
        </test-method> <!-- TestFacebook -->
      </class> <!-- TestNG.test2 -->
    </test> <!-- Default test -->
  </suite> <!-- Default suite -->
</testng-results>
