<?xml version="1.0" encoding="UTF-8"?>
<testng-results ignored="0" total="3" passed="3" failed="0" skipped="0">
  <reporter-output>
  </reporter-output>
  <suite started-at="2023-07-29T22:55:49 IST" name="Default suite" finished-at="2023-07-29T22:56:14 IST" duration-ms="24899">
    <groups>
    </groups>
    <test started-at="2023-07-29T22:55:49 IST" name="Default test" finished-at="2023-07-29T22:56:14 IST" duration-ms="24899">
      <class name="TestNG.Test_automation">
        <test-method is-config="true" signature="start()[pri:0, instance:TestNG.Test_automation@7e6f74c]" started-at="2023-07-29T22:55:49 IST" name="start" finished-at="2023-07-29T22:56:00 IST" duration-ms="11335" status="PASS">
          <reporter-output>
          </reporter-output>
        </test-method> <!-- start -->
        <test-method signature="LandingPage()[pri:1, instance:TestNG.Test_automation@7e6f74c]" started-at="2023-07-29T22:56:00 IST" name="LandingPage" finished-at="2023-07-29T22:56:00 IST" duration-ms="45" status="PASS">
          <reporter-output>
          </reporter-output>
        </test-method> <!-- LandingPage -->
        <test-method signature="Calculater()[pri:2, instance:TestNG.Test_automation@7e6f74c]" started-at="2023-07-29T22:56:00 IST" name="Calculater" finished-at="2023-07-29T22:56:08 IST" depends-on-methods="TestNG.Test_automation.LandingPage" duration-ms="7600" status="PASS">
          <reporter-output>
          </reporter-output>
        </test-method> <!-- Calculater -->
        <test-method signature="ReturntoHomePage()[pri:3, instance:TestNG.Test_automation@7e6f74c]" started-at="2023-07-29T22:56:08 IST" name="ReturntoHomePage" finished-at="2023-07-29T22:56:11 IST" depends-on-methods="TestNG.Test_automation.Calculater, TestNG.Test_automation.LandingPage" duration-ms="3436" status="PASS">
          <reporter-output>
          </reporter-output>
        </test-method> <!-- ReturntoHomePage -->
        <test-method is-config="true" signature="tearDown()[pri:0, instance:TestNG.Test_automation@7e6f74c]" started-at="2023-07-29T22:56:11 IST" name="tearDown" finished-at="2023-07-29T22:56:14 IST" duration-ms="2310" status="PASS">
          <reporter-output>
          </reporter-output>
        </test-method> <!-- tearDown -->
      </class> <!-- TestNG.Test_automation -->
    </test> <!-- Default test -->
  </suite> <!-- Default suite -->
</testng-results>
