<?xml version="1.0" encoding="UTF-8"?>
<!-- Generated by org.testng.reporters.JUnitXMLReporter -->
<testsuite ignored="0" hostname="Yashodeep" failures="0" tests="3" name="Default test" time="24.899" errors="0" timestamp="2023-07-29T22:56:14 IST">
  <testcase classname="TestNG.Test_automation" name="LandingPage" time="0.045"/>
  <testcase classname="TestNG.Test_automation" name="Calculater" time="7.6"/>
  <testcase classname="TestNG.Test_automation" name="ReturntoHomePage" time="3.436"/>
</testsuite> <!-- Default test -->
